make all --dry-run --always-make --keep-going --print-directory
tput: No value for $TERM and no -T specified
tput: No value for $TERM and no -T specified
 
make: Entering directory `/Users/tphung/Documents/minishell'
/Applications/Xcode.app/Contents/Developer/usr/bin/make bonus -C./libft
make[1]: Entering directory `/Users/tphung/Documents/minishell/libft'
clang -c -Wall -Wextra -Werror ft_memcmp.c -I ./
clang -c -Wall -Wextra -Werror ft_memchr.c -I ./
clang -c -Wall -Wextra -Werror ft_memcpy.c -I ./
clang -c -Wall -Wextra -Werror ft_memccpy.c -I ./
clang -c -Wall -Wextra -Werror ft_memmove.c -I ./
clang -c -Wall -Wextra -Werror ft_bzero.c -I ./
clang -c -Wall -Wextra -Werror ft_strlen.c -I ./
clang -c -Wall -Wextra -Werror ft_isalpha.c -I ./
clang -c -Wall -Wextra -Werror ft_isdigit.c -I ./
clang -c -Wall -Wextra -Werror ft_isalnum.c -I ./
clang -c -Wall -Wextra -Werror ft_isprint.c -I ./
clang -c -Wall -Wextra -Werror ft_toupper.c -I ./
clang -c -Wall -Wextra -Werror ft_isascii.c -I ./
clang -c -Wall -Wextra -Werror ft_tolower.c -I ./
clang -c -Wall -Wextra -Werror ft_strchr.c -I ./
clang -c -Wall -Wextra -Werror ft_strrchr.c -I ./
clang -c -Wall -Wextra -Werror ft_strncmp.c -I ./
clang -c -Wall -Wextra -Werror ft_strlcat.c -I ./
clang -c -Wall -Wextra -Werror ft_strlcpy.c -I ./
 
clang -c -Wall -Wextra -Werror ft_strnstr.c -I ./
clang -c -Wall -Wextra -Werror ft_atoi.c -I ./
clang -c -Wall -Wextra -Werror ft_memset.c -I ./
clang -c -Wall -Wextra -Werror ft_calloc.c -I ./
clang -c -Wall -Wextra -Werror ft_strdup.c -I ./
clang -c -Wall -Wextra -Werror ft_substr.c -I ./
clang -c -Wall -Wextra -Werror ft_putchar_fd.c -I ./
clang -c -Wall -Wextra -Werror ft_putstr_fd.c -I ./
clang -c -Wall -Wextra -Werror ft_putendl_fd.c -I ./
clang -c -Wall -Wextra -Werror ft_itoa.c -I ./
clang -c -Wall -Wextra -Werror ft_strjoin.c -I ./
clang -c -Wall -Wextra -Werror ft_strtrim.c -I ./
clang -c -Wall -Wextra -Werror ft_strmapi.c -I ./
clang -c -Wall -Wextra -Werror ft_putnbr_fd.c -I ./
clang -c -Wall -Wextra -Werror ft_split.c -I ./
clang -c -Wall -Wextra -Werror ft_lstnew.c -I ./
clang -c -Wall -Wextra -Werror ft_lstadd_front.c -I ./
clang -c -Wall -Wextra -Werror ft_lstsize.c -I ./
clang -c -Wall -Wextra -Werror ft_lstlast.c -I ./
clang -c -Wall -Wextra -Werror ft_lstadd_back.c -I ./
clang -c -Wall -Wextra -Werror ft_lstdelone.c -I ./
clang -c -Wall -Wextra -Werror ft_lstclear.c -I ./
clang -c -Wall -Wextra -Werror ft_lstiter.c -I ./
clang -c -Wall -Wextra -Werror ft_lstmap.c -I ./
ar rcs libft.a ft_memcmp.o ft_memchr.o ft_memcpy.o ft_memccpy.o ft_memmove.o ft_bzero.o ft_strlen.o ft_isalpha.o ft_isdigit.o ft_isalnum.o ft_isprint.o ft_toupper.o ft_isascii.o ft_tolower.o ft_strchr.o ft_strrchr.o ft_strncmp.o ft_strlcat.o ft_strlcpy.o ft_strnstr.o ft_atoi.o ft_memset.o ft_calloc.o ft_strdup.o ft_substr.o ft_putchar_fd.o ft_putstr_fd.o ft_putendl_fd.o ft_itoa.o ft_strjoin.o ft_strtrim.o ft_strmapi.o ft_putnbr_fd.o ft_split.o
make[1]: Leaving directory `/Users/tphung/Documents/minishell/libft'
 
gcc -c -g -Wall  parser/main.c -I./libft -I./includes -o parser/main.o
gcc -c -g -Wall  parser/pre_parsing.c -I./libft -I./includes -o parser/pre_parsing.o
gcc -c -g -Wall  utils/ft_errors.c -I./libft -I./includes -o utils/ft_errors.o
gcc -c -g -Wall  utils/realloc.c -I./libft -I./includes -o utils/realloc.o
gcc -g -Wall  -o minishell  parser/main.c parser/pre_parsing.c  utils/ft_errors.c utils/realloc.c -I./libft -I./includes ./libft/libft.a
echo "\033[92mCompilation done\033[0m";
make: Leaving directory `/Users/tphung/Documents/minishell'
 
